0 info it worked if it ends with ok
1 verbose cli [ '/home/centos/.nvm/versions/node/v6.11.5/bin/node',
1 verbose cli   '/home/centos/.nvm/versions/node/v6.11.5/bin/npm',
1 verbose cli   'start' ]
2 info using npm@3.10.10
3 info using node@v6.11.5
4 verbose run-script [ 'prestart', 'start', 'poststart' ]
5 info lifecycle ngt-web-server@0.0.0~prestart: ngt-web-server@0.0.0
6 silly lifecycle ngt-web-server@0.0.0~prestart: no script for prestart, continuing
7 info lifecycle ngt-web-server@0.0.0~start: ngt-web-server@0.0.0
8 verbose lifecycle ngt-web-server@0.0.0~start: unsafe-perm in lifecycle true
9 verbose lifecycle ngt-web-server@0.0.0~start: PATH: /home/centos/.nvm/versions/node/v6.11.5/lib/node_modules/npm/bin/node-gyp-bin:/home/centos/ngt-web-server/node_modules/.bin:/home/centos/.nvm/versions/node/v6.11.5/bin:/usr/local/bin:/bin:/usr/bin:/usr/local/sbin:/usr/sbin:/sbin:/home/centos/bin
10 verbose lifecycle ngt-web-server@0.0.0~start: CWD: /home/centos/ngt-web-server
11 silly lifecycle ngt-web-server@0.0.0~start: Args: [ '-c', 'node ./bin/www' ]
12 silly lifecycle ngt-web-server@0.0.0~start: Returned: code: 1  signal: null
13 info lifecycle ngt-web-server@0.0.0~start: Failed to exec start script
14 verbose stack Error: ngt-web-server@0.0.0 start: `node ./bin/www`
14 verbose stack Exit status 1
14 verbose stack     at EventEmitter.<anonymous> (/home/centos/.nvm/versions/node/v6.11.5/lib/node_modules/npm/lib/utils/lifecycle.js:255:16)
14 verbose stack     at emitTwo (events.js:106:13)
14 verbose stack     at EventEmitter.emit (events.js:191:7)
14 verbose stack     at ChildProcess.<anonymous> (/home/centos/.nvm/versions/node/v6.11.5/lib/node_modules/npm/lib/utils/spawn.js:40:14)
14 verbose stack     at emitTwo (events.js:106:13)
14 verbose stack     at ChildProcess.emit (events.js:191:7)
14 verbose stack     at maybeClose (internal/child_process.js:920:16)
14 verbose stack     at Process.ChildProcess._handle.onexit (internal/child_process.js:230:5)
15 verbose pkgid ngt-web-server@0.0.0
16 verbose cwd /home/centos/ngt-web-server/views
17 error Linux 2.6.32-696.23.1.el6.x86_64
18 error argv "/home/centos/.nvm/versions/node/v6.11.5/bin/node" "/home/centos/.nvm/versions/node/v6.11.5/bin/npm" "start"
19 error node v6.11.5
20 error npm  v3.10.10
21 error code ELIFECYCLE
22 error ngt-web-server@0.0.0 start: `node ./bin/www`
22 error Exit status 1
23 error Failed at the ngt-web-server@0.0.0 start script 'node ./bin/www'.
23 error Make sure you have the latest version of node.js and npm installed.
23 error If you do, this is most likely a problem with the ngt-web-server package,
23 error not with npm itself.
23 error Tell the author that this fails on your system:
23 error     node ./bin/www
23 error You can get information on how to open an issue for this project with:
23 error     npm bugs ngt-web-server
23 error Or if that isn't available, you can get their info via:
23 error     npm owner ls ngt-web-server
23 error There is likely additional logging output above.
24 verbose exit [ 1, true ]
